<?xml version="1.0" encoding="utf-8"?><testsuites name="pytest tests"><testsuite name="pytest" errors="0" failures="0" skipped="0" tests="126" time="20.477" timestamp="2026-09-16T19:37:32.037960+07:00" hostname="kelvinms-MacBook-Pro.local"><testcase classname="tests.test_model" name="test_filter_formats_and_ranges" time="0.000" /><testcase classname="tests.test_model" name="test_sequences_and_session_change" time="0.000" /><testcase classname="tests.test_model" name="test_dbc" time="0.023" /><testcase classname="tests.test_model" name="test_recording" time="0.001" /><testcase classname="tests.test_model" name="test_slow_adapter_and_bounded_model" time="0.000" /><testcase classname="tests.test_model" name="test_simulated_overflow_and_ownership" time="0.000" /><testcase classname="tests.test_model" name="test_simulated_duplicates_cancel_reconnect" time="0.000" /><testcase classname="tests.test_model" name="test_recording_failure_is_explicit" time="0.000" /><testcase classname="tests.test_model" name="test_lease_expires_without_resuming_active" time="0.000" /><testcase classname="tests.test_model" name="test_adapter_gate" time="0.000" /><testcase classname="tests.test_protocol" name="test_fd_roundtrip[0]" time="0.000" /><testcase classname="tests.test_protocol" name="test_fd_roundtrip[1]" time="0.000" /><testcase classname="tests.test_protocol" name="test_fd_roundtrip[2]" time="0.000" /><testcase classname="tests.test_protocol" name="test_fd_roundtrip[3]" time="0.000" /><testcase classname="tests.test_protocol" name="test_fd_roundtrip[4]" time="0.000" /><testcase classname="tests.test_protocol" name="test_fd_roundtrip[5]" time="0.000" /><testcase classname="tests.test_protocol" name="test_fd_roundtrip[6]" time="0.000" /><testcase classname="tests.test_protocol" name="test_fd_roundtrip[7]" time="0.000" /><testcase classname="tests.test_protocol" name="test_fd_roundtrip[8]" time="0.000" /><testcase classname="tests.test_protocol" name="test_fd_roundtrip[12]" time="0.000" /><testcase classname="tests.test_protocol" name="test_fd_roundtrip[16]" time="0.000" /><testcase classname="tests.test_protocol" name="test_fd_roundtrip[20]" time="0.000" /><testcase classname="tests.test_protocol" name="test_fd_roundtrip[24]" time="0.000" /><testcase classname="tests.test_protocol" name="test_fd_roundtrip[32]" time="0.000" /><testcase classname="tests.test_protocol" name="test_fd_roundtrip[48]" time="0.000" /><testcase classname="tests.test_protocol" name="test_fd_roundtrip[64]" time="0.000" /><testcase classname="tests.test_protocol" name="test_invalid_frames[kw0]" time="0.000" /><testcase classname="tests.test_protocol" name="test_invalid_frames[kw1]" time="0.000" /><testcase classname="tests.test_protocol" name="test_invalid_frames[kw2]" time="0.000" /><testcase classname="tests.test_protocol" name="test_invalid_frames[kw3]" time="0.000" /><testcase classname="tests.test_protocol" name="test_invalid_frames[kw4]" time="0.000" /><testcase classname="tests.test_protocol" name="test_invalid_frames[kw5]" time="0.000" /><testcase classname="tests.test_protocol" name="test_invalid_frames[kw6]" time="0.000" /><testcase classname="tests.test_protocol" name="test_rtr_and_classic_large_dlc" time="0.000" /><testcase classname="tests.test_protocol" name="test_fragmented_packets[1]" time="0.000" /><testcase classname="tests.test_protocol" name="test_fragmented_packets[2]" time="0.000" /><testcase classname="tests.test_protocol" name="test_fragmented_packets[3]" time="0.000" /><testcase classname="tests.test_protocol" name="test_fragmented_packets[4]" time="0.000" /><testcase classname="tests.test_protocol" name="test_fragmented_packets[5]" time="0.000" /><testcase classname="tests.test_protocol" name="test_fragmented_packets[6]" time="0.000" /><testcase classname="tests.test_protocol" name="test_fragmented_packets[7]" time="0.000" /><testcase classname="tests.test_protocol" name="test_fragmented_packets[8]" time="0.000" /><testcase classname="tests.test_protocol" name="test_fragmented_packets[9]" time="0.000" /><testcase classname="tests.test_protocol" name="test_fragmented_packets[10]" time="0.000" /><testcase classname="tests.test_protocol" name="test_fragmented_packets[11]" time="0.000" /><testcase classname="tests.test_protocol" name="test_fragmented_packets[12]" time="0.000" /><testcase classname="tests.test_protocol" name="test_fragmented_packets[13]" time="0.000" /><testcase classname="tests.test_protocol" name="test_fragmented_packets[14]" time="0.000" /><testcase classname="tests.test_protocol" name="test_fragmented_packets[15]" time="0.000" /><testcase classname="tests.test_protocol" name="test_fragmented_packets[16]" time="0.000" /><testcase classname="tests.test_protocol" name="test_fragmented_packets[17]" time="0.000" /><testcase classname="tests.test_protocol" name="test_fragmented_packets[18]" time="0.000" /><testcase classname="tests.test_protocol" name="test_fragmented_packets[19]" time="0.000" /><testcase classname="tests.test_protocol" name="test_fragmented_packets[20]" time="0.000" /><testcase classname="tests.test_protocol" name="test_fragmented_packets[21]" time="0.000" /><testcase classname="tests.test_protocol" name="test_fragmented_packets[22]" time="0.000" /><testcase classname="tests.test_protocol" name="test_fragmented_packets[23]" time="0.000" /><testcase classname="tests.test_protocol" name="test_fragmented_packets[24]" time="0.000" /><testcase classname="tests.test_protocol" name="test_fragmented_packets[25]" time="0.000" /><testcase classname="tests.test_protocol" name="test_fragmented_packets[26]" time="0.000" /><testcase classname="tests.test_protocol" name="test_fragmented_packets[27]" time="0.000" /><testcase classname="tests.test_protocol" name="test_fragmented_packets[28]" time="0.000" /><testcase classname="tests.test_protocol" name="test_fragmented_packets[29]" time="0.000" /><testcase classname="tests.test_protocol" name="test_fragmented_packets[30]" time="0.000" /><testcase classname="tests.test_protocol" name="test_fragmented_packets[31]" time="0.000" /><testcase classname="tests.test_protocol" name="test_fragmented_packets[32]" time="0.000" /><testcase classname="tests.test_protocol" name="test_fragmented_packets[33]" time="0.000" /><testcase classname="tests.test_protocol" name="test_fragmented_packets[34]" time="0.000" /><testcase classname="tests.test_protocol" name="test_fragmented_packets[35]" time="0.000" /><testcase classname="tests.test_protocol" name="test_fragmented_packets[36]" time="0.000" /><testcase classname="tests.test_protocol" name="test_fragmented_packets[37]" time="0.000" /><testcase classname="tests.test_protocol" name="test_fragmented_packets[38]" time="0.000" /><testcase classname="tests.test_protocol" name="test_fragmented_packets[39]" time="0.000" /><testcase classname="tests.test_protocol" name="test_fragmented_packets[40]" time="0.000" /><testcase classname="tests.test_protocol" name="test_fragmented_packets[41]" time="0.000" /><testcase classname="tests.test_protocol" name="test_fragmented_packets[42]" time="0.000" /><testcase classname="tests.test_protocol" name="test_fragmented_packets[43]" time="0.000" /><testcase classname="tests.test_protocol" name="test_fragmented_packets[44]" time="0.000" /><testcase classname="tests.test_protocol" name="test_fragmented_packets[45]" time="0.000" /><testcase classname="tests.test_protocol" name="test_fragmented_packets[46]" time="0.000" /><testcase classname="tests.test_protocol" name="test_fragmented_packets[47]" time="0.000" /><testcase classname="tests.test_protocol" name="test_fragmented_packets[48]" time="0.000" /><testcase classname="tests.test_protocol" name="test_fragmented_packets[49]" time="0.000" /><testcase classname="tests.test_protocol" name="test_bad_headers[0-0]" time="0.000" /><testcase classname="tests.test_protocol" name="test_bad_headers[4-2]" time="0.000" /><testcase classname="tests.test_protocol" name="test_bad_headers[5-99]" time="0.000" /><testcase classname="tests.test_protocol" name="test_bad_headers[7-1]" time="0.000" /><testcase classname="tests.test_protocol" name="test_oversize_and_truncated_frame" time="0.000" /><testcase classname="tests.test_protocol" name="test_c_wire_agrees" time="0.571" /><testcase classname="tests.test_protocol" name="test_actual_firmware_capture_state" time="0.221" /><testcase classname="tests.test_transport" name="test_tls_capture_and_reconnect" time="1.490" /><testcase classname="tests.test_transport" name="test_tls_tx_completion" time="0.814" /><testcase classname="tests.test_transport" name="test_missing_client_certificate_rejected" time="0.214" /><testcase classname="tests.test_transport" name="test_host_queue_overflow_closes_connection" time="0.752" /><testcase classname="tests.test_transport" name="test_cli_record_and_offline_export[0]" time="1.506" /><testcase classname="tests.test_transport" name="test_cli_record_and_offline_export[1]" time="1.470" /><testcase classname="tests.test_transport" name="test_cli_record_and_offline_export[2]" time="1.436" /><testcase classname="tests.test_transport" name="test_cli_record_and_offline_export[3]" time="1.471" /><testcase classname="tests.test_transport" name="test_cli_record_and_offline_export[4]" time="1.471" /><testcase classname="tests.test_transport" name="test_cli_record_and_offline_export[5]" time="1.470" /><testcase classname="tests.test_transport" name="test_cli_record_and_offline_export[6]" time="1.476" /><testcase classname="tests.test_transport" name="test_cli_record_and_offline_export[7]" time="1.472" /><testcase classname="tests.test_transport" name="test_cli_record_and_offline_export[8]" time="1.439" /><testcase classname="tests.test_transport" name="test_cli_record_and_offline_export[9]" time="1.473" /><testcase classname="tests.test_transport" name="test_wrong_server_identity_rejected" time="0.113" /><testcase classname="tests.test_transport" name="test_cli_tx_record_preserves_request_identity" time="1.015" /><testcase classname="tests.test_transport" name="test_close_waits_for_inflight_socket_read" time="0.002" /><testcase classname="tests.test_wifi" name="test_wifi_c_python_roundtrip[station-2.4-0-None]" time="0.504" /><testcase classname="tests.test_wifi" name="test_wifi_c_python_roundtrip[station-5-0-GB]" time="0.001" /><testcase classname="tests.test_wifi" name="test_wifi_c_python_roundtrip[ap-2.4-6-None]" time="0.001" /><testcase classname="tests.test_wifi" name="test_wifi_c_python_roundtrip[ap-5-36-US]" time="0.001" /><testcase classname="tests.test_wifi" name="test_wifi_c_python_roundtrip[ap-5-48-GB]" time="0.000" /><testcase classname="tests.test_wifi" name="test_wifi_invalid_host[kwargs0]" time="0.000" /><testcase classname="tests.test_wifi" name="test_wifi_invalid_host[kwargs1]" time="0.000" /><testcase classname="tests.test_wifi" name="test_wifi_invalid_host[kwargs2]" time="0.000" /><testcase classname="tests.test_wifi" name="test_wifi_invalid_host[kwargs3]" time="0.000" /><testcase classname="tests.test_wifi" name="test_wifi_invalid_host[kwargs4]" time="0.000" /><testcase classname="tests.test_wifi" name="test_wifi_invalid_host[kwargs5]" time="0.000" /><testcase classname="tests.test_wifi" name="test_wifi_invalid_host[kwargs6]" time="0.000" /><testcase classname="tests.test_wifi" name="test_wifi_invalid_host[kwargs7]" time="0.000" /><testcase classname="tests.test_wifi" name="test_wifi_invalid_host[kwargs8]" time="0.000" /><testcase classname="tests.test_wifi" name="test_wifi_invalid_host[kwargs9]" time="0.000" /><testcase classname="tests.test_wifi" name="test_wifi_invalid_host[kwargs10]" time="0.000" /><testcase classname="tests.test_wifi" name="test_wifi_invalid_host[kwargs11]" time="0.000" /><testcase classname="tests.test_wifi" name="test_firmware_rejects_malformed_and_accepts_legacy" time="0.000" /><testcase classname="tests.test_wifi" name="test_cli_wifi_options" time="0.003" /></testsuite></testsuites>